BEGIN;
CREATE EXTENSION IF NOT EXISTS timeit;
SELECT timeit.now('pg_sleep(0.1)');
 now 
-----
 0.1
(1 row)

--
-- Request two significant figures in result.
--
SELECT timeit.now('pg_sleep(0.1)', 2);
 now  
------
 0.10
(1 row)

--
-- Pass argument types/values separately.
--
SELECT timeit.now('pg_sleep($1)', '{numeric}', '{0.1}');
 now 
-----
 0.1
(1 row)

--
-- Pass argument types/values separately,
-- and request two significant figures in result.
--
SELECT timeit.now('pg_sleep($1)', '{numeric}', '{0.1}', 2);
 now  
------
 0.10
(1 row)

ROLLBACK;
